[debug] [2026-04-25T08:00:18.637Z] ----------------------------------------------------------------------
[debug] [2026-04-25T08:00:18.638Z] Command:       /opt/homebrew/Cellar/node/25.8.1/bin/node /opt/homebrew/bin/firebase use kfitapp
[debug] [2026-04-25T08:00:18.638Z] CLI Version:   15.15.0
[debug] [2026-04-25T08:00:18.639Z] Platform:      darwin
[debug] [2026-04-25T08:00:18.639Z] Node Version:  v25.8.1
[debug] [2026-04-25T08:00:18.639Z] Time:          Sat Apr 25 2026 17:00:18 GMT+0900 (Japan Standard Time)
[debug] [2026-04-25T08:00:18.639Z] ----------------------------------------------------------------------
[debug] 
[debug] [2026-04-25T08:00:18.707Z] Object "/emulators/logging" in "firebase.json" has unknown property: {"additionalProperty":"level"}
[debug] [2026-04-25T08:00:18.709Z] > command requires scopes: ["email","openid","https://www.googleapis.com/auth/cloudplatformprojects.readonly","https://www.googleapis.com/auth/firebase","https://www.googleapis.com/auth/cloud-platform"]
[debug] [2026-04-25T08:00:18.709Z] > authorizing via signed-in user (kenichiyoshida13@gmail.com)
[debug] [2026-04-25T08:00:18.709Z] Checked if tokens are valid: true, expires at: 1777105430775
[debug] [2026-04-25T08:00:18.709Z] Checked if tokens are valid: true, expires at: 1777105430775
[debug] [2026-04-25T08:00:18.710Z] >>> [apiv2][query] GET https://serviceusage.googleapis.com/v1/projects/kfitapp/services/cloudresourcemanager.googleapis.com [none]
[debug] [2026-04-25T08:00:18.710Z] >>> [apiv2][(partial)header] GET https://serviceusage.googleapis.com/v1/projects/kfitapp/services/cloudresourcemanager.googleapis.com  x-goog-user-project=kfitapp
[debug] [2026-04-25T08:00:19.025Z] <<< [apiv2][status] GET https://serviceusage.googleapis.com/v1/projects/kfitapp/services/cloudresourcemanager.googleapis.com 200
[debug] [2026-04-25T08:00:19.025Z] <<< [apiv2][body] GET https://serviceusage.googleapis.com/v1/projects/kfitapp/services/cloudresourcemanager.googleapis.com [omitted]
[debug] [2026-04-25T08:00:19.027Z] Unable to check that https://cloudresourcemanager.googleapis.com is enabled on kfitapp. Calls to it will fail if it is not enabled
[debug] [2026-04-25T08:00:19.027Z] Checked if tokens are valid: true, expires at: 1777105430775
[debug] [2026-04-25T08:00:19.027Z] Checked if tokens are valid: true, expires at: 1777105430775
[debug] [2026-04-25T08:00:19.027Z] >>> [apiv2][query] GET https://cloudresourcemanager.googleapis.com/v1/projects/kfitapp [none]
[debug] [2026-04-25T08:00:19.703Z] <<< [apiv2][status] GET https://cloudresourcemanager.googleapis.com/v1/projects/kfitapp 200
[debug] [2026-04-25T08:00:19.703Z] <<< [apiv2][body] GET https://cloudresourcemanager.googleapis.com/v1/projects/kfitapp {"projectNumber":"447854410903","projectId":"kfitapp","lifecycleState":"ACTIVE","name":"Kfit","labels":{"firebase":"enabled","firebase-core":"disabled"},"createTime":"2026-04-25T07:09:33.521Z"}
[debug] [2026-04-25T08:00:19.835Z] Error: EPERM: operation not permitted, open '/Users/kenichi.yoshida/.config/configstore/firebase-tools.json.3431105171'
    at Object.openSync (node:fs:556:18)
    at writeFile.writeFileSync [as sync] (/opt/homebrew/lib/node_modules/firebase-tools/node_modules/write-file-atomic/index.js:205:13)
    at set all (/opt/homebrew/lib/node_modules/firebase-tools/node_modules/configstore/index.js:61:20)
    at Configstore.set (/opt/homebrew/lib/node_modules/firebase-tools/node_modules/configstore/index.js:91:12)
    at Object.makeActiveProject (/opt/homebrew/lib/node_modules/firebase-tools/lib/utils.js:244:31)
    at setNewActive (/opt/homebrew/lib/node_modules/firebase-tools/lib/commands/use.js:65:15)
    at process.processTicksAndRejections (node:internal/process/task_queues:104:5)
[error] 
[error] Error: An unexpected error has occurred.
[debug] [2026-04-25T08:00:20.101Z] Error: EPERM: operation not permitted, open '/Users/kenichi.yoshida/.config/configstore/firebase-tools.json.1276366818'
    at Object.openSync (node:fs:556:18)
    at writeFile.writeFileSync [as sync] (/opt/homebrew/lib/node_modules/firebase-tools/node_modules/write-file-atomic/index.js:205:13)
    at set all (/opt/homebrew/lib/node_modules/firebase-tools/node_modules/configstore/index.js:61:20)
    at Configstore.delete (/opt/homebrew/lib/node_modules/firebase-tools/node_modules/configstore/index.js:101:12)
    at process.<anonymous> (/opt/homebrew/lib/node_modules/firebase-tools/lib/bin/cli.js:65:45)
    at process.emit (node:events:520:22)
    at process.exit (node:internal/process/per_thread:236:15)
    at Timeout._onTimeout (/opt/homebrew/lib/node_modules/firebase-tools/lib/errorOut.js:20:17)
    at listOnTimeout (node:internal/timers:605:17)
    at process.processTimers (node:internal/timers:541:7)
[error] 
[error] Error: An unexpected error has occurred.
